0 silly argv {
0 silly argv   _: [ 'version' ],
0 silly argv   private: false,
0 silly argv   'force-publish': true,
0 silly argv   forcePublish: true,
0 silly argv   lernaVersion: '8.1.2',
0 silly argv   '$0': 'lerna'
0 silly argv }
1 notice cli v8.1.2
2 verbose packageConfigs Resolving packages based on package.json "workspaces" configuration.
3 verbose rootPath /home/david/Development/g20
4 info current version 0.9.218
5 silly isAnythingCommitted
6 verbose isAnythingCommitted 1
7 silly getCurrentBranch
8 verbose currentBranch main
9 silly remoteBranchExists
10 silly isBehindUpstream
11 silly isBehindUpstream main is behind origin/main by 0 commit(s) and ahead by 0
12 silly hasTags
13 verbose hasTags true
14 silly git-describe.sync "v0.9.216-3-gf84049a" => {"lastTagName":"v0.9.216","lastVersion":"v0.9.216","refCount":"3","sha":"f84049a","isDirty":false}
15 warn force-publish all packages
16 info Assuming all packages changed
17 verbose updated g2o-canvas
18 verbose updated g2o
19 verbose updated g2o-euclid
20 verbose updated g2o-gradient
21 verbose updated g2o-graphics
22 verbose updated g2o-grid
23 verbose updated g2o-player
24 verbose updated g2o-reactive
25 info execute Skipping releases
26 silly lifecycle No script for "preversion" in "root", continuing
27 silly lifecycle No script for "preversion" in "g2o-canvas", continuing
28 silly lifecycle No script for "preversion" in "g2o", continuing
29 silly lifecycle No script for "preversion" in "g2o-euclid", continuing
30 silly lifecycle No script for "preversion" in "g2o-gradient", continuing
31 silly lifecycle No script for "preversion" in "g2o-graphics", continuing
32 silly lifecycle No script for "preversion" in "g2o-grid", continuing
33 silly lifecycle No script for "preversion" in "g2o-player", continuing
34 silly lifecycle No script for "preversion" in "g2o-reactive", continuing
35 verbose version g2o-canvas has no lockfile. Skipping lockfile update.
36 verbose version g2o has no lockfile. Skipping lockfile update.
37 verbose version g2o-euclid has no lockfile. Skipping lockfile update.
38 verbose version g2o-gradient has no lockfile. Skipping lockfile update.
39 verbose version g2o-graphics has no lockfile. Skipping lockfile update.
40 verbose version g2o-grid has no lockfile. Skipping lockfile update.
41 verbose version g2o-player has no lockfile. Skipping lockfile update.
42 verbose version g2o-reactive has no lockfile. Skipping lockfile update.
43 silly lifecycle No script for "version" in "g2o-gradient", continuing
44 silly lifecycle No script for "version" in "g2o", continuing
45 silly lifecycle No script for "version" in "g2o-euclid", continuing
46 silly lifecycle No script for "version" in "g2o-canvas", continuing
47 silly lifecycle No script for "version" in "g2o-grid", continuing
48 silly lifecycle No script for "version" in "g2o-graphics", continuing
49 silly lifecycle No script for "version" in "g2o-player", continuing
50 silly lifecycle No script for "version" in "g2o-reactive", continuing
51 silly lifecycle No script for "version" in "root", continuing
52 verbose version Updating root package-lock.json
53 error Error: Command failed with exit code 1: npm install --package-lock-only --ignore-scripts
53 error npm ERR! code ERESOLVE
53 error npm ERR! ERESOLVE could not resolve
53 error npm ERR!
53 error npm ERR! While resolving: @typescript-eslint/eslint-plugin@7.7.1
53 error npm ERR! Found: eslint@9.1.1
53 error npm ERR! node_modules/eslint
53 error npm ERR!   dev eslint@"^9.1.1" from the root project
53 error npm ERR!   peer eslint@"^6.0.0 || ^7.0.0 || >=8.0.0" from @eslint-community/eslint-utils@4.4.0
53 error npm ERR!   node_modules/@eslint-community/eslint-utils
53 error npm ERR!     @eslint-community/eslint-utils@"^4.4.0" from @typescript-eslint/utils@7.7.1
53 error npm ERR!     node_modules/@typescript-eslint/eslint-plugin/node_modules/@typescript-eslint/utils
53 error npm ERR!       @typescript-eslint/utils@"7.7.1" from @typescript-eslint/eslint-plugin@7.7.1
53 error npm ERR!       node_modules/@typescript-eslint/eslint-plugin
53 error npm ERR!         dev @typescript-eslint/eslint-plugin@"7.7.1" from the root project
53 error npm ERR!         1 more (typescript-eslint)
53 error npm ERR!       1 more (@typescript-eslint/type-utils)
53 error npm ERR!     @eslint-community/eslint-utils@"^4.2.0" from eslint@9.1.1
53 error npm ERR!     1 more (@typescript-eslint/utils)
53 error npm ERR!
53 error npm ERR! Could not resolve dependency:
53 error npm ERR! peer eslint@"^8.56.0" from @typescript-eslint/eslint-plugin@7.7.1
53 error npm ERR! node_modules/@typescript-eslint/eslint-plugin
53 error npm ERR!   dev @typescript-eslint/eslint-plugin@"7.7.1" from the root project
53 error npm ERR!   @typescript-eslint/eslint-plugin@"7.7.1" from typescript-eslint@7.7.1
53 error npm ERR!   node_modules/typescript-eslint
53 error npm ERR!     dev typescript-eslint@"7.7.1" from the root project
53 error npm ERR!
53 error npm ERR! Conflicting peer dependency: eslint@8.57.0
53 error npm ERR! node_modules/eslint
53 error npm ERR!   peer eslint@"^8.56.0" from @typescript-eslint/eslint-plugin@7.7.1
53 error npm ERR!   node_modules/@typescript-eslint/eslint-plugin
53 error npm ERR!     dev @typescript-eslint/eslint-plugin@"7.7.1" from the root project
53 error npm ERR!     @typescript-eslint/eslint-plugin@"7.7.1" from typescript-eslint@7.7.1
53 error npm ERR!     node_modules/typescript-eslint
53 error npm ERR!       dev typescript-eslint@"7.7.1" from the root project
53 error npm ERR!
53 error npm ERR! Fix the upstream dependency conflict, or retry
53 error npm ERR! this command with --force or --legacy-peer-deps
53 error npm ERR! to accept an incorrect (and potentially broken) dependency resolution.
53 error npm ERR!
53 error npm ERR!
53 error npm ERR! For a full report see:
53 error npm ERR! /home/david/.npm/_logs/2024-04-30T00_20_56_089Z-eresolve-report.txt
53 error
53 error npm ERR! A complete log of this run can be found in:
53 error npm ERR!     /home/david/.npm/_logs/2024-04-30T00_20_56_089Z-debug-0.log
53 error     at makeError (/home/david/.nvm/versions/node/v18.14.0/lib/node_modules/lerna/node_modules/execa/lib/error.js:59:11)
53 error     at handlePromise (/home/david/.nvm/versions/node/v18.14.0/lib/node_modules/lerna/node_modules/execa/index.js:114:26)
53 error     at process.processTicksAndRejections (node:internal/process/task_queues:95:5)
53 error     at async VersionCommand.updatePackageVersions (/home/david/.nvm/versions/node/v18.14.0/lib/node_modules/lerna/dist/index.js:8469:13)
53 error     at async Promise.all (index 0)
